DEB [20160924-00:44:18.505] thr=1   paramiko.transport: starting thread (client mode): 0x8efc2b50L
DEB [20160924-00:44:18.505] thr=1   paramiko.transport: Local version/idstring: SSH-2.0-paramiko_2.0.2
DEB [20160924-00:44:18.563] thr=1   paramiko.transport: Remote version/idstring: SSH-2.0-OpenSSH_5.3
INF [20160924-00:44:18.564] thr=1   paramiko.transport: Connected (version 2.0, client OpenSSH_5.3)
DEB [20160924-00:44:18.611] thr=1   paramiko.transport: kex algos:[u'diffie-hellman-group-exchange-sha256', u'diffie-hellman-group-exchange-sha1', u'diffie-hellman-group14-sha1', u'diffie-hellman-group1-sha1'] server key:[u'ssh-rsa', u'ssh-dss'] client encrypt:[u'aes128-ctr', u'aes192-ctr', u'aes256-ctr', u'arcfour256', u'arcfour128', u'aes128-cbc', u'3des-cbc', u'blowfish-cbc', u'cast128-cbc', u'aes192-cbc', u'aes256-cbc', u'arcfour', u'rijndael-cbc@lysator.liu.se'] server encrypt:[u'aes128-ctr', u'aes192-ctr', u'aes256-ctr', u'arcfour256', u'arcfour128', u'aes128-cbc', u'3des-cbc', u'blowfish-cbc', u'cast128-cbc', u'aes192-cbc', u'aes256-cbc', u'arcfour', u'rijndael-cbc@lysator.liu.se'] client mac:[u'hmac-md5', u'hmac-sha1', u'umac-64@openssh.com', u'hmac-sha2-256', u'hmac-sha2-512', u'hmac-ripemd160', u'hmac-ripemd160@openssh.com', u'hmac-sha1-96', u'hmac-md5-96'] server mac:[u'hmac-md5', u'hmac-sha1', u'umac-64@openssh.com', u'hmac-sha2-256', u'hmac-sha2-512', u'hmac-ripemd160', u'hmac-ripemd160@openssh.com', u'hmac-sha1-96', u'hmac-md5-96'] client compress:[u'none', u'zlib@openssh.com'] server compress:[u'none', u'zlib@openssh.com'] client lang:[u''] server lang:[u''] kex follows?False
DEB [20160924-00:44:18.611] thr=1   paramiko.transport: Kex agreed: diffie-hellman-group1-sha1
DEB [20160924-00:44:18.612] thr=1   paramiko.transport: Cipher agreed: aes128-ctr
DEB [20160924-00:44:18.612] thr=1   paramiko.transport: MAC agreed: hmac-sha2-256
DEB [20160924-00:44:18.612] thr=1   paramiko.transport: Compression agreed: none
DEB [20160924-00:44:18.776] thr=1   paramiko.transport: kex engine KexGroup1 specified hash_algo <built-in function openssl_sha1>
DEB [20160924-00:44:18.777] thr=1   paramiko.transport: Switch to new keys ...
DEB [20160924-00:44:18.808] thr=2   paramiko.transport: Adding ssh-rsa host key for 139.129.47.28: bb9bc87a27e1e02eb669d640edef8c38
DEB [20160924-00:44:18.809] thr=2   paramiko.transport: Trying discovered key afc2348c4db3334b1835b9635fe15844 in /root/.ssh/id_rsa
DEB [20160924-00:44:18.912] thr=1   paramiko.transport: userauth is OK
INF [20160924-00:44:18.965] thr=1   paramiko.transport: Authentication (publickey) successful!
DEB [20160924-00:44:18.973] thr=2   paramiko.transport: [chan 0] Max packet in: 32768 bytes
DEB [20160924-00:44:19.021] thr=1   paramiko.transport: [chan 0] Max packet out: 32768 bytes
DEB [20160924-00:44:19.021] thr=1   paramiko.transport: Secsh channel 0 opened.
DEB [20160924-00:44:19.085] thr=1   paramiko.transport: [chan 0] Sesch channel 0 request ok
DEB [20160924-00:44:19.134] thr=1   paramiko.transport: [chan 0] Sesch channel 0 request ok
DEB [20160924-00:44:49.319] thr=2   paramiko.transport: [chan 0] EOF sent (0)
DEB [20160924-00:44:49.341] thr=1   paramiko.transport: EOF in transport thread
